TN:
SF:src\presentation\helpers\invalid-param-erro.js
FN:2,InvalidParamError
FNF:1
FNH:1
FNDA:2,InvalidParamError
DA:1,1
DA:2,1
DA:3,2
DA:4,2
DA:5,2
DA:6,1
DA:7,1
LF:7
LH:7
BRDA:1,0,0,1
BRDA:2,1,0,2
BRF:2
BRH:2
end_of_record
TN:
SF:src\presentation\helpers\missing-param-error.js
FN:2,MissingParamError
FNF:1
FNH:1
FNDA:4,MissingParamError
DA:1,1
DA:2,1
DA:3,4
DA:4,4
DA:5,4
DA:6,1
DA:7,1
LF:7
LH:7
BRDA:1,0,0,1
BRDA:2,1,0,4
BRF:2
BRH:2
end_of_record
TN:
SF:src\presentation\helpers\server-error.js
FN:2,UnauthorizedError
FNF:1
FNH:1
FNDA:14,UnauthorizedError
DA:1,1
DA:2,1
DA:3,14
DA:4,14
DA:5,14
DA:6,1
DA:7,1
LF:7
LH:7
BRDA:1,0,0,1
BRDA:2,1,0,14
BRF:2
BRH:2
end_of_record
TN:
SF:src\presentation\helpers\unauthorizedError-param-error.js
FN:2,UnauthorizedError
FNF:1
FNH:1
FNDA:2,UnauthorizedError
DA:1,1
DA:2,1
DA:3,2
DA:4,2
DA:5,2
DA:6,1
DA:7,1
LF:7
LH:7
BRDA:1,0,0,1
BRDA:2,1,0,2
BRF:2
BRH:2
end_of_record
TN:
SF:src\presentation\routers\login-router.js
FN:5,LoginRouter
FN:9,route
FNF:2
FNH:2
FNDA:13,LoginRouter
FNDA:13,route
DA:1,1
DA:2,1
DA:3,1
DA:4,1
DA:5,1
DA:6,13
DA:7,13
DA:8,13
DA:9,1
DA:10,13
DA:11,13
DA:12,13
DA:13,1
DA:14,1
DA:15,13
DA:16,13
DA:17,1
DA:18,1
DA:19,1
DA:20,13
DA:21,1
DA:22,1
DA:23,13
DA:24,13
DA:25,1
DA:26,1
DA:27,13
DA:28,13
DA:29,7
DA:30,7
DA:31,13
DA:32,13
DA:33,1
LF:33
LH:33
BRDA:1,0,0,1
BRDA:5,1,0,13
BRDA:9,2,0,13
BRDA:12,3,0,1
BRDA:16,4,0,1
BRDA:20,5,0,4
BRDA:20,6,0,1
BRDA:24,7,0,1
BRDA:28,8,0,7
BRF:9
BRH:9
end_of_record
