TN:
SF:src\presentation\helpers\http-reponse.js
FN:3,badRequest
FN:11,serverError
FN:19,unauthorizedError
FN:26,ok
FNF:4
FNH:4
FNDA:2,badRequest
FNDA:5,serverError
FNDA:1,unauthorizedError
FNDA:2,ok
DA:1,1
DA:2,1
DA:3,1
DA:4,2
DA:5,2
DA:6,2
DA:7,2
DA:8,2
DA:9,2
DA:10,1
DA:11,1
DA:12,5
DA:13,5
DA:14,5
DA:15,5
DA:16,5
DA:17,5
DA:18,1
DA:19,1
DA:20,1
DA:21,1
DA:22,1
DA:23,1
DA:24,1
DA:25,1
DA:26,1
DA:27,2
DA:28,2
DA:29,2
DA:30,2
DA:31,2
LF:31
LH:31
BRDA:1,0,0,1
BRDA:3,1,0,2
BRDA:11,2,0,5
BRDA:19,3,0,1
BRDA:26,4,0,2
BRF:5
BRH:5
end_of_record
TN:
SF:src\presentation\helpers\missing-param-error.js
FN:2,MissingParamError
FNF:1
FNH:1
FNDA:4,MissingParamError
DA:1,1
DA:2,1
DA:3,4
DA:4,4
DA:5,4
DA:6,1
DA:7,1
LF:7
LH:7
BRDA:1,0,0,1
BRDA:2,1,0,4
BRF:2
BRH:2
end_of_record
TN:
SF:src\presentation\helpers\server-error.js
FN:2,UnauthorizedError
FNF:1
FNH:1
FNDA:10,UnauthorizedError
DA:1,1
DA:2,1
DA:3,10
DA:4,10
DA:5,10
DA:6,1
DA:7,1
LF:7
LH:7
BRDA:1,0,0,1
BRDA:2,1,0,10
BRF:2
BRH:2
end_of_record
TN:
SF:src\presentation\helpers\unauthorizedError-param-error.js
FN:2,UnauthorizedError
FNF:1
FNH:1
FNDA:2,UnauthorizedError
DA:1,1
DA:2,1
DA:3,2
DA:4,2
DA:5,2
DA:6,1
DA:7,1
LF:7
LH:7
BRDA:1,0,0,1
BRDA:2,1,0,2
BRF:2
BRH:2
end_of_record
TN:
SF:src\presentation\routers\login-router.js
FN:4,LoginRouter
FN:7,route
FNF:2
FNH:2
FNDA:10,LoginRouter
FNDA:10,route
DA:1,1
DA:2,1
DA:3,1
DA:4,1
DA:5,10
DA:6,10
DA:7,1
DA:8,10
DA:9,10
DA:10,10
DA:11,1
DA:12,1
DA:13,10
DA:14,1
DA:15,1
DA:16,10
DA:17,10
DA:18,1
DA:19,1
DA:20,10
DA:21,10
DA:22,5
DA:23,5
DA:24,10
DA:25,10
DA:26,1
LF:26
LH:26
BRDA:1,0,0,1
BRDA:4,1,0,10
BRDA:7,2,0,10
BRDA:10,3,0,1
BRDA:13,4,0,1
BRDA:17,5,0,3
BRDA:17,6,0,1
BRDA:21,7,0,5
BRF:8
BRH:8
end_of_record
